[26May2025 00:46:44.708] [main/INFO] [cpw.mods.modlauncher.Launcher/MODLAUNCHER]: ModLauncher running: args [--launchTarget, forgeserver, --fml.forgeVersion, 47.3.7, --fml.mcVersion, 1.20.1, --fml.forgeGroup, net.minecraftforge, --fml.mcpVersion, 20230612.114412, nogui]
[26May2025 00:46:44.712] [main/INFO] [cpw.mods.modlauncher.Launcher/MODLAUNCHER]: ModLauncher 10.0.9+10.0.9+main.dcd20f30 starting: java version 17.0.15 by Ubuntu; OS Linux arch amd64 version 6.8.0-1027-azure
[26May2025 00:46:45.177] [main/INFO] [net.minecraftforge.fml.loading.ImmediateWindowHandler/]: ImmediateWindowProvider not loading because launch target is forgeserver
[26May2025 00:46:45.220] [main/INFO] [mixin/]: SpongePowered MIXIN Subsystem Version=0.8.5 Source=union:/workspaces/HARCODE/servidor_minecraft/libraries/org/spongepowered/mixin/0.8.5/mixin-0.8.5.jar%2365!/ Service=ModLauncher Env=SERVER
[26May2025 00:46:45.500] [main/WARN] [net.minecraftforge.fml.loading.moddiscovery.ModFileParser/LOADING]: Mod file /workspaces/HARCODE/servidor_minecraft/libraries/net/minecraftforge/fmlcore/1.20.1-47.3.7/fmlcore-1.20.1-47.3.7.jar is missing mods.toml file
[26May2025 00:46:45.502] [main/WARN] [net.minecraftforge.fml.loading.moddiscovery.ModFileParser/LOADING]: Mod file /workspaces/HARCODE/servidor_minecraft/libraries/net/minecraftforge/javafmllanguage/1.20.1-47.3.7/javafmllanguage-1.20.1-47.3.7.jar is missing mods.toml file
[26May2025 00:46:45.503] [main/WARN] [net.minecraftforge.fml.loading.moddiscovery.ModFileParser/LOADING]: Mod file /workspaces/HARCODE/servidor_minecraft/libraries/net/minecraftforge/lowcodelanguage/1.20.1-47.3.7/lowcodelanguage-1.20.1-47.3.7.jar is missing mods.toml file
[26May2025 00:46:45.504] [main/WARN] [net.minecraftforge.fml.loading.moddiscovery.ModFileParser/LOADING]: Mod file /workspaces/HARCODE/servidor_minecraft/libraries/net/minecraftforge/mclanguage/1.20.1-47.3.7/mclanguage-1.20.1-47.3.7.jar is missing mods.toml file
[26May2025 00:46:45.643] [main/INFO] [net.minecraftforge.fml.loading.moddiscovery.JarInJarDependencyLocator/]: Found 4 dependencies adding them to mods collection
[26May2025 00:46:48.247] [main/INFO] [mixin/]: Compatibility level set to JAVA_17
[26May2025 00:46:48.354] [main/INFO] [cpw.mods.modlauncher.LaunchServiceHandler/MODLAUNCHER]: Launching target 'forgeserver' with arguments [nogui]
[26May2025 00:46:48.410] [main/WARN] [mixin/]: Reference map 'mixins.spartan_materials.refmap.json' for mixins.spartan_materials.json could not be read. If this is a development environment you can ignore this message
[26May2025 00:46:48.582] [main/INFO] [Puzzles Lib/]: Loading 46 mods:
	- alexscaves 2.0.2
	- alexsmobs 1.22.9
	- architectury 9.2.14
	- bettervillage 3.3.0
	- bountifulbaubles 1.5.5
	- citadel 2.6.1
	- cloth_config 11.1.136
	- dungeons_arise 2.1.58-1.20.x
	- dungeons_arise_seven_seas 1.0.2
	- dungeons_enhanced 5.4.1
	- fantasy_armor 0.9-1.20.1
	- farmersdelight 1.20.1-1.2.7
	- firstaid 1.20.1-1.1
	- forge 47.3.7
	- geckolib 4.7.1.2
	- giacomos_exp 1.20.1-1.4.6
	- glitchcore 0.0.1.1
	- golems 20.1.0.2
	- guardvillagers 1.20.1-1.6.10
	- iceandfire 2.1.13-1.20.1
	- illagerinvasion 8.0.7
	- jei 15.20.0.106
	- justleveling 1.7
	- libraryferret 4.0.0
	- magistuarmory 9.23
	- minecraft 1.20.1
	- mowziesmobs 1.7.2
	- new_xp_ore 1.1.1
	- packedup 1.1.0
	- puzzleslib 8.1.32
		|-- mixinextras 0.4.1
		\-- puzzlesaccessapi 20.1.1
	- scalinghealth 8.0.2+9
	- silentlib 8.0.0
	- spartan_materials 1.0.1
	- spartanshields 3.1.1
	- spartanweaponry 3.1.3
	- stalwart_dungeons 1.2.8
	- structure_gel 2.16.2
	- supermartijn642configlib 1.1.8
	- supermartijn642corelib 1.1.18
	- toughasnails 9.2.0.171
	- trinketsandbaubles 1.2.8
	- xaerominimap 25.2.0
	- xaeroworldmap 1.39.4
	- xpfromharvest 1.2.4
[26May2025 00:46:48.596] [main/WARN] [mixin/]: Reference map 'puzzlesaccessapi.common.refmap.json' for puzzlesaccessapi.common.mixins.json could not be read. If this is a development environment you can ignore this message
[26May2025 00:46:48.801] [main/WARN] [mixin/]: Error loading class: net/bettercombat/client/collision/TargetFinder (java.lang.ClassNotFoundException: net.bettercombat.client.collision.TargetFinder)
[26May2025 00:46:48.802] [main/WARN] [mixin/]: @Mixin target net.bettercombat.client.collision.TargetFinder was not found justleveling.mixins.json:MixTargetFinder
[26May2025 00:46:49.392] [main/ERROR] [net.minecraftforge.fml.loading.RuntimeDistCleaner/DISTXFORM]: Attempted to load class net/minecraft/client/renderer/entity/player/PlayerRenderer for invalid dist DEDICATED_SERVER
[26May2025 00:46:49.393] [main/WARN] [mixin/]: Error loading class: net/minecraft/client/renderer/entity/player/PlayerRenderer (java.lang.RuntimeException: Attempted to load class net/minecraft/client/renderer/entity/player/PlayerRenderer for invalid dist DEDICATED_SERVER)
[26May2025 00:46:49.393] [main/WARN] [mixin/]: @Mixin target net.minecraft.client.renderer.entity.player.PlayerRenderer was not found bountifulbaubles.mixins.json:PlayerRendererMixin
[26May2025 00:46:49.395] [main/WARN] [mixin/]: Error loading class: top/theillusivec4/curios/client/ClientEventHandler (java.lang.ClassNotFoundException: top.theillusivec4.curios.client.ClientEventHandler)
[26May2025 00:46:49.395] [main/WARN] [mixin/]: @Mixin target top.theillusivec4.curios.client.ClientEventHandler was not found bountifulbaubles.mixins.json:CuriosTooltipMixin
[26May2025 00:46:49.843] [main/WARN] [mixin/]: Error loading class: top/theillusivec4/curios/client/ClientEventHandler (java.lang.ClassNotFoundException: top.theillusivec4.curios.client.ClientEventHandler)
[26May2025 00:46:49.844] [main/WARN] [mixin/]: @Mixin target top.theillusivec4.curios.client.ClientEventHandler was not found trinketsandbaubles.mixins.json:CuriosTooltipMixin
[26May2025 00:46:50.386] [main/INFO] [MixinExtras|Service/]: Initializing MixinExtras via com.llamalad7.mixinextras.service.MixinExtrasServiceImpl(version=0.4.1).
[26May2025 00:46:51.217] [main/WARN] [mixin/]: Error loading class: top/theillusivec4/curios/api/type/capability/ICuriosItemHandler (java.lang.ClassNotFoundException: top.theillusivec4.curios.api.type.capability.ICuriosItemHandler)
